gpu502-01 pinned to port 8890

To connect to the compute node gpu502-01 on IBEX running your jupyter notebook server,
you need to run following two commands in a terminal

1. Command to create ssh tunnel from you workstation/laptop to cs-login:
ssh -L 8890:gpu502-01:8890 dahala@glogin.ibex.kaust.edu.sa

Copy the link provided below by jupyter-server and replace the NODENAME with localhost before pasting it in your browser on your workstation/laptop

[I 16:55:17.198 NotebookApp] Serving notebooks from local directory: /home/dahala/extremevaluelandslides
[I 16:55:17.198 NotebookApp] Jupyter Notebook 6.5.2 is running at:
[I 16:55:17.198 NotebookApp] http://gpu502-01:8890/?token=e9edfe9fccbb1d05a289d6440068a1ab7657f8c0d782ce87
[I 16:55:17.198 NotebookApp]  or http://127.0.0.1:8890/?token=e9edfe9fccbb1d05a289d6440068a1ab7657f8c0d782ce87
[I 16:55:17.198 NotebookApp] Use Control-C to stop this server and shut down all kernels (twice to skip confirmation).
[C 16:55:17.206 NotebookApp] 
    
    To access the notebook, open this file in a browser:
        file:///home/dahala/.local/share/jupyter/runtime/nbserver-111201-open.html
    Or copy and paste one of these URLs:
        http://gpu502-01:8890/?token=e9edfe9fccbb1d05a289d6440068a1ab7657f8c0d782ce87
     or http://127.0.0.1:8890/?token=e9edfe9fccbb1d05a289d6440068a1ab7657f8c0d782ce87
[I 16:56:20.628 NotebookApp] Creating new notebook in 
[I 16:56:20.784 NotebookApp] Kernel started: aab4432b-b1de-483f-860c-484e2a269970, name: python3
[W 16:56:20.802 NotebookApp] delete /DesignRainfall-jvsc-b1ea399b-1b60-4b44-950c-2eeda968edee82a9f86a-3fe7-4af4-8105-848d2753a1b3.ipynb
2023-01-19 18:26:55.384835: I tensorflow/core/platform/cpu_feature_guard.cc:193] This TensorFlow binary is optimized with oneAPI Deep Neural Network Library (oneDNN) to use the following CPU instructions in performance-critical operations:  AVX2 AVX512F FMA
To enable them in other operations, rebuild TensorFlow with the appropriate compiler flags.
2023-01-19 18:26:59.679736: E tensorflow/stream_executor/cuda/cuda_blas.cc:2981] Unable to register cuBLAS factory: Attempting to register factory for plugin cuBLAS when one has already been registered
2023-01-19 18:27:05.191132: W tensorflow/stream_executor/platform/default/dso_loader.cc:64] Could not load dynamic library 'libnvinfer.so.7'; dlerror: libnvinfer.so.7: cannot open shared object file: No such file or directory; LD_LIBRARY_PATH: :/home/dahala/miniconda3/envs/dlashok/lib/
2023-01-19 18:27:05.192639: W tensorflow/stream_executor/platform/default/dso_loader.cc:64] Could not load dynamic library 'libnvinfer_plugin.so.7'; dlerror: libnvinfer_plugin.so.7: cannot open shared object file: No such file or directory; LD_LIBRARY_PATH: :/home/dahala/miniconda3/envs/dlashok/lib/
2023-01-19 18:27:05.192653: W tensorflow/compiler/tf2tensorrt/utils/py_utils.cc:38] TF-TRT Warning: Cannot dlopen some TensorRT libraries. If you would like to use Nvidia GPU with TensorRT, please make sure the missing libraries mentioned above are installed properly.
Exception in thread SockSrvRdThr:
Traceback (most recent call last):
  File "/home/dahala/miniconda3/envs/dlashok/lib/python3.9/threading.py", line 980, in _bootstrap_inner
    self.run()
  File "/home/dahala/miniconda3/envs/dlashok/lib/python3.9/site-packages/wandb/sdk/service/server_sock.py", line 112, in run
    shandler(sreq)
  File "/home/dahala/miniconda3/envs/dlashok/lib/python3.9/site-packages/wandb/sdk/service/server_sock.py", line 173, in server_record_publish
    iface = self._mux.get_stream(stream_id).interface
  File "/home/dahala/miniconda3/envs/dlashok/lib/python3.9/site-packages/wandb/sdk/service/streams.py", line 199, in get_stream
    stream = self._streams[stream_id]
KeyError: '2ffbzi1x'
2023-01-19 19:16:25.951812: I tensorflow/core/platform/cpu_feature_guard.cc:193] This TensorFlow binary is optimized with oneAPI Deep Neural Network Library (oneDNN) to use the following CPU instructions in performance-critical operations:  AVX2 AVX512F FMA
To enable them in other operations, rebuild TensorFlow with the appropriate compiler flags.
2023-01-19 19:16:30.790842: I tensorflow/core/common_runtime/gpu/gpu_device.cc:1616] Created device /job:localhost/replica:0/task:0/device:GPU:0 with 10404 MB memory:  -> device: 0, name: NVIDIA GeForce GTX 1080 Ti, pci bus id: 0000:b1:00.0, compute capability: 6.1
2023-01-19 19:30:11.597010: W tensorflow/core/util/tensor_slice_reader.cc:96] Could not open /home/dahala/extremevaluelandslides/checkpoints: FAILED_PRECONDITION: /home/dahala/extremevaluelandslides/checkpoints; Is a directory: perhaps your file is in a different file format and you need to use a different restore operator?
2023-01-19 19:30:46.628163: W tensorflow/core/util/tensor_slice_reader.cc:96] Could not open /home/dahala/extremevaluelandslides/checkpoints: FAILED_PRECONDITION: /home/dahala/extremevaluelandslides/checkpoints; Is a directory: perhaps your file is in a different file format and you need to use a different restore operator?
2023-01-19 19:31:55.601398: W tensorflow/core/util/tensor_slice_reader.cc:96] Could not open /home/dahala/extremevaluelandslides/checkpoints: FAILED_PRECONDITION: /home/dahala/extremevaluelandslides/checkpoints; Is a directory: perhaps your file is in a different file format and you need to use a different restore operator?
[I 19:34:34.807 NotebookApp] Kernel restarted: aab4432b-b1de-483f-860c-484e2a269970
[I 19:34:34.812 NotebookApp] Starting buffering for aab4432b-b1de-483f-860c-484e2a269970:fd32bbb5-9630-46a4-86c8-3b529d1f9438
[I 19:34:34.818 NotebookApp] Restoring connection for aab4432b-b1de-483f-860c-484e2a269970:fd32bbb5-9630-46a4-86c8-3b529d1f9438
2023-01-19 19:34:37.851451: I tensorflow/core/platform/cpu_feature_guard.cc:193] This TensorFlow binary is optimized with oneAPI Deep Neural Network Library (oneDNN) to use the following CPU instructions in performance-critical operations:  AVX2 AVX512F FMA
To enable them in other operations, rebuild TensorFlow with the appropriate compiler flags.
2023-01-19 19:34:38.040513: E tensorflow/stream_executor/cuda/cuda_blas.cc:2981] Unable to register cuBLAS factory: Attempting to register factory for plugin cuBLAS when one has already been registered
2023-01-19 19:34:40.329061: W tensorflow/stream_executor/platform/default/dso_loader.cc:64] Could not load dynamic library 'libnvinfer.so.7'; dlerror: libnvinfer.so.7: cannot open shared object file: No such file or directory; LD_LIBRARY_PATH: :/home/dahala/miniconda3/envs/dlashok/lib/
2023-01-19 19:34:40.330099: W tensorflow/stream_executor/platform/default/dso_loader.cc:64] Could not load dynamic library 'libnvinfer_plugin.so.7'; dlerror: libnvinfer_plugin.so.7: cannot open shared object file: No such file or directory; LD_LIBRARY_PATH: :/home/dahala/miniconda3/envs/dlashok/lib/
2023-01-19 19:34:40.330112: W tensorflow/compiler/tf2tensorrt/utils/py_utils.cc:38] TF-TRT Warning: Cannot dlopen some TensorRT libraries. If you would like to use Nvidia GPU with TensorRT, please make sure the missing libraries mentioned above are installed properly.
2023-01-19 19:36:04.300825: I tensorflow/core/platform/cpu_feature_guard.cc:193] This TensorFlow binary is optimized with oneAPI Deep Neural Network Library (oneDNN) to use the following CPU instructions in performance-critical operations:  AVX2 AVX512F FMA
To enable them in other operations, rebuild TensorFlow with the appropriate compiler flags.
2023-01-19 19:36:04.946424: I tensorflow/core/common_runtime/gpu/gpu_device.cc:1616] Created device /job:localhost/replica:0/task:0/device:GPU:0 with 10404 MB memory:  -> device: 0, name: NVIDIA GeForce GTX 1080 Ti, pci bus id: 0000:b1:00.0, compute capability: 6.1
