Loading module for Machine Learning 2021.10
Machine Learning 2021.10 is now loaded
gpu504-37 pinned to port 8890
 
To connect to the compute node gpu504-37 on IBEX running your jupyter notebook server, you need to run following two commands in a terminal 1. 
Command to create ssh tunnel from you workstation/laptop to glogin: 

ssh -L 8890:gpu504-37:8890 dahala@glogin.ibex.kaust.edu.sa 

Copy the link provided below by jupyter-server and replace the NODENAME with localhost before pasting it in your browser on your workstation/laptop 
/sw/csgv/machine_learning/2021.10/el7_cudnn8.2_cuda11.0_py3.8_env/machine_learning-module/env/lib/python3.8/site-packages/jupyter_lsp/types.py:193: FutureWarning: The alias `_()` will be deprecated. Use `_i18n()` instead.
  nodejs = Unicode(help=_("path to nodejs executable")).tag(config=True)
/sw/csgv/machine_learning/2021.10/el7_cudnn8.2_cuda11.0_py3.8_env/machine_learning-module/env/lib/python3.8/site-packages/jupyter_lsp/types.py:195: FutureWarning: The alias `_()` will be deprecated. Use `_i18n()` instead.
  node_roots = List_([], help=_("absolute paths in which to seek node_modules")).tag(
/sw/csgv/machine_learning/2021.10/el7_cudnn8.2_cuda11.0_py3.8_env/machine_learning-module/env/lib/python3.8/site-packages/jupyter_lsp/types.py:200: FutureWarning: The alias `_()` will be deprecated. Use `_i18n()` instead.
  [], help=_("additional absolute paths to seek node_modules first")
/sw/csgv/machine_learning/2021.10/el7_cudnn8.2_cuda11.0_py3.8_env/machine_learning-module/env/lib/python3.8/site-packages/jupyter_lsp/manager.py:41: FutureWarning: The alias `_()` will be deprecated. Use `_i18n()` instead.
  help=_("extra language server specs, keyed by implementation, from conf.d"),
/sw/csgv/machine_learning/2021.10/el7_cudnn8.2_cuda11.0_py3.8_env/machine_learning-module/env/lib/python3.8/site-packages/jupyter_lsp/manager.py:46: FutureWarning: The alias `_()` will be deprecated. Use `_i18n()` instead.
  help=_("a dict of language server specs, keyed by implementation"),
/sw/csgv/machine_learning/2021.10/el7_cudnn8.2_cuda11.0_py3.8_env/machine_learning-module/env/lib/python3.8/site-packages/jupyter_lsp/manager.py:52: FutureWarning: The alias `_()` will be deprecated. Use `_i18n()` instead.
  True, help=_("try to find known language servers in sys.prefix (and elsewhere)")
/sw/csgv/machine_learning/2021.10/el7_cudnn8.2_cuda11.0_py3.8_env/machine_learning-module/env/lib/python3.8/site-packages/jupyter_lsp/manager.py:279: FutureWarning: The alias `_()` will be deprecated. Use `_i18n()` instead.
  _("Skipped non-installed server(s): {}").format(
[I 14:52:28.193 NotebookApp] Skipped non-installed server(s): bash-language-server, dockerfile-language-server-nodejs, javascript-typescript-langserver, jedi-language-server, julia-language-server, pyright, python-lsp-server, r-languageserver, sql-language-server, texlab, unified-language-server, vscode-css-languageserver-bin, vscode-html-languageserver-bin, vscode-json-languageserver-bin, yaml-language-server
[W 2023-01-13 14:52:28.945 LabApp] 'port' has moved from NotebookApp to ServerApp. This config will be passed to ServerApp. Be sure to update your config before our next release.
[W 2023-01-13 14:52:28.945 LabApp] 'port_retries' has moved from NotebookApp to ServerApp. This config will be passed to ServerApp. Be sure to update your config before our next release.
[W 2023-01-13 14:52:28.945 LabApp] 'ip' has moved from NotebookApp to ServerApp. This config will be passed to ServerApp. Be sure to update your config before our next release.
[W 2023-01-13 14:52:28.945 LabApp] 'ip' has moved from NotebookApp to ServerApp. This config will be passed to ServerApp. Be sure to update your config before our next release.
[W 2023-01-13 14:52:28.945 LabApp] 'ip' has moved from NotebookApp to ServerApp. This config will be passed to ServerApp. Be sure to update your config before our next release.
[I 2023-01-13 14:52:28.954 LabApp] JupyterLab extension loaded from /sw/csgv/machine_learning/2021.10/el7_cudnn8.2_cuda11.0_py3.8_env/machine_learning-module/env/lib/python3.8/site-packages/jupyterlab
[I 2023-01-13 14:52:28.954 LabApp] JupyterLab application directory is /sw/csgv/machine_learning/2021.10/el7_cudnn8.2_cuda11.0_py3.8_env/machine_learning-module/env/share/jupyter/lab
/sw/csgv/machine_learning/2021.10/el7_cudnn8.2_cuda11.0_py3.8_env/machine_learning-module/env/lib/python3.8/site-packages/jupyter_server_mathjax/app.py:40: FutureWarning: The alias `_()` will be deprecated. Use `_i18n()` instead.
  help=_("""The MathJax.js configuration file that is to be used."""),
[I 14:52:29.150 NotebookApp] Serving notebooks from local directory: /home/dahala/extremevaluelandslides
[I 14:52:29.150 NotebookApp] Jupyter Notebook 6.4.4 is running at:
[I 14:52:29.150 NotebookApp] http://gpu504-37:8890/?token=e9475ed557bca48382fe844c61b91119b42e73db1e340daa
[I 14:52:29.150 NotebookApp]  or http://127.0.0.1:8890/?token=e9475ed557bca48382fe844c61b91119b42e73db1e340daa
[I 14:52:29.150 NotebookApp] Use Control-C to stop this server and shut down all kernels (twice to skip confirmation).
[C 14:52:29.166 NotebookApp] 
    
    To access the notebook, open this file in a browser:
        file:///home/dahala/.local/share/jupyter/runtime/nbserver-98479-open.html
    Or copy and paste one of these URLs:
        http://gpu504-37:8890/?token=e9475ed557bca48382fe844c61b91119b42e73db1e340daa
     or http://127.0.0.1:8890/?token=e9475ed557bca48382fe844c61b91119b42e73db1e340daa
[I 14:53:20.497 NotebookApp] Creating new notebook in 
/sw/csgv/machine_learning/2021.10/el7_cudnn8.2_cuda11.0_py3.8_env/machine_learning-module/env/lib/python3.8/json/encoder.py:257: UserWarning: date_default is deprecated since jupyter_client 7.0.0. Use jupyter_client.jsonutil.json_default.
  return _iterencode(o, 0)
[I 14:53:20.609 NotebookApp] Kernel started: 3cb2ed18-f7f7-4bb3-a228-52e826045399, name: python3
[W 14:53:20.640 NotebookApp] delete /Data_Prep_Func-jvsc-6b20b94b-27e7-4915-a724-5522b12f5073e3017800-a481-4154-8d87-284c507d6d5f.ipynb
[I 15:15:47.861 NotebookApp] Creating new notebook in 
[I 15:15:47.930 NotebookApp] Kernel started: ff852ed3-58a3-4d55-97c8-fcbedddf20b6, name: python3
[W 15:15:47.954 NotebookApp] delete /Data_Prep_Func-jvsc-bfd52dde-154d-4766-9bbf-74979575c86d3437a4ca-65cf-4984-851f-d987a79c1939.ipynb
[I 16:39:39.780 NotebookApp] Creating new notebook in 
[I 16:39:42.220 NotebookApp] Kernel started: 874429f6-d068-47eb-91b6-6c7196fd3020, name: python3
[W 16:39:42.245 NotebookApp] delete /testrun-jvsc-e80cc46e-9a1d-44ad-8be7-fcbe5da7c60e95d31ff3-3a60-4f4a-af77-df949733c491.ipynb
[I 16:43:54.297 NotebookApp] Kernel restarted: 874429f6-d068-47eb-91b6-6c7196fd3020
[I 16:43:54.325 NotebookApp] Starting buffering for 874429f6-d068-47eb-91b6-6c7196fd3020:e0b2ce1b-8b89-4a40-9591-e4b13d27226e
[I 16:43:54.336 NotebookApp] Restoring connection for 874429f6-d068-47eb-91b6-6c7196fd3020:e0b2ce1b-8b89-4a40-9591-e4b13d27226e
[I 16:44:40.514 NotebookApp] Kernel restarted: 874429f6-d068-47eb-91b6-6c7196fd3020
[I 16:44:40.519 NotebookApp] Starting buffering for 874429f6-d068-47eb-91b6-6c7196fd3020:e0b2ce1b-8b89-4a40-9591-e4b13d27226e
[I 16:44:40.529 NotebookApp] Restoring connection for 874429f6-d068-47eb-91b6-6c7196fd3020:e0b2ce1b-8b89-4a40-9591-e4b13d27226e
[I 16:45:17.901 NotebookApp] Kernel restarted: 874429f6-d068-47eb-91b6-6c7196fd3020
[I 16:45:17.906 NotebookApp] Starting buffering for 874429f6-d068-47eb-91b6-6c7196fd3020:e0b2ce1b-8b89-4a40-9591-e4b13d27226e
[I 16:45:17.914 NotebookApp] Restoring connection for 874429f6-d068-47eb-91b6-6c7196fd3020:e0b2ce1b-8b89-4a40-9591-e4b13d27226e
[I 16:49:11.373 NotebookApp] Kernel restarted: ff852ed3-58a3-4d55-97c8-fcbedddf20b6
[I 16:49:11.379 NotebookApp] Starting buffering for ff852ed3-58a3-4d55-97c8-fcbedddf20b6:80eb1926-2ee6-47fc-925a-92f31f064900
[I 16:49:11.390 NotebookApp] Restoring connection for ff852ed3-58a3-4d55-97c8-fcbedddf20b6:80eb1926-2ee6-47fc-925a-92f31f064900
[I 16:49:17.280 NotebookApp] Kernel restarted: 874429f6-d068-47eb-91b6-6c7196fd3020
[I 16:49:17.286 NotebookApp] Starting buffering for 874429f6-d068-47eb-91b6-6c7196fd3020:e0b2ce1b-8b89-4a40-9591-e4b13d27226e
[I 16:49:17.293 NotebookApp] Restoring connection for 874429f6-d068-47eb-91b6-6c7196fd3020:e0b2ce1b-8b89-4a40-9591-e4b13d27226e
[I 16:51:37.409 NotebookApp] Kernel restarted: 874429f6-d068-47eb-91b6-6c7196fd3020
[I 16:51:37.414 NotebookApp] Starting buffering for 874429f6-d068-47eb-91b6-6c7196fd3020:e0b2ce1b-8b89-4a40-9591-e4b13d27226e
[I 16:51:37.423 NotebookApp] Restoring connection for 874429f6-d068-47eb-91b6-6c7196fd3020:e0b2ce1b-8b89-4a40-9591-e4b13d27226e
slurmstepd: error: *** JOB 23344554 ON gpu504-37 CANCELLED AT 2023-01-13T16:52:35 DUE TO TIME LIMIT ***
